<?xml version="1.0" encoding="UTF-8"?>
<!-- Generated by org.testng.reporters.JUnitReportReporter -->
<testsuite hostname="LocalHost" name="example.NewTest" tests="1" failures="0" timestamp="30 Mar 2020 00:27:49 GMT" time="12.227" errors="0">
  <testcase name="testEasy" time="12.227" classname="example.NewTest"/>
</testsuite> <!-- example.NewTest -->
